<?xml version="1.0" encoding="utf-8"?><testsuites name="pytest tests"><testsuite name="pytest" errors="0" failures="0" skipped="0" tests="29" time="5.504" timestamp="2026-05-08T04:29:02.189659+00:00" hostname="agent-env-d2a03b4b-dfa4-4880-bb93-1ae3b894a818"><testcase classname="backend.tests.test_eoi_nda_flow" name="test_signup_owner" time="0.817" /><testcase classname="backend.tests.test_eoi_nda_flow" name="test_create_project" time="0.048" /><testcase classname="backend.tests.test_eoi_nda_flow" name="test_create_invite" time="0.049" /><testcase classname="backend.tests.test_eoi_nda_flow" name="test_eoi_get_marks_viewed" time="0.135" /><testcase classname="backend.tests.test_eoi_nda_flow" name="test_details_blocked_before_nda" time="0.107" /><testcase classname="backend.tests.test_eoi_nda_flow" name="test_respond_blocked_before_nda" time="0.131" /><testcase classname="backend.tests.test_eoi_nda_flow" name="test_pdf_404_before_signed" time="0.109" /><testcase classname="backend.tests.test_eoi_nda_flow" name="test_express_interest" time="0.240" /><testcase classname="backend.tests.test_eoi_nda_flow" name="test_get_nda_returns_default_template" time="0.118" /><testcase classname="backend.tests.test_eoi_nda_flow" name="test_sign_nda_requires_agree" time="0.111" /><testcase classname="backend.tests.test_eoi_nda_flow" name="test_sign_nda_success" time="0.124" /><testcase classname="backend.tests.test_eoi_nda_flow" name="test_nda_pdf_after_signed" time="0.110" /><testcase classname="backend.tests.test_eoi_nda_flow" name="test_get_nda_already_signed_flag" time="0.099" /><testcase classname="backend.tests.test_eoi_nda_flow" name="test_details_accessible_after_nda" time="0.109" /><testcase classname="backend.tests.test_eoi_nda_flow" name="test_respond_submitted" time="0.146" /><testcase classname="backend.tests.test_eoi_nda_flow" name="test_builtin_nda_endpoint" time="0.046" /><testcase classname="backend.tests.test_eoi_nda_flow" name="test_builtin_requires_auth" time="0.119" /><testcase classname="backend.tests.test_eoi_nda_flow" name="test_create_nda_template_default" time="0.046" /><testcase classname="backend.tests.test_eoi_nda_flow" name="test_list_nda_templates" time="0.043" /><testcase classname="backend.tests.test_eoi_nda_flow" name="test_custom_default_used_in_public_nda" time="0.398" /><testcase classname="backend.tests.test_eoi_nda_flow" name="test_update_nda_template" time="0.047" /><testcase classname="backend.tests.test_eoi_nda_flow" name="test_skip_nda_patch" time="0.544" /><testcase classname="backend.tests.test_eoi_nda_flow" name="test_anonymise_patch" time="0.448" /><testcase classname="backend.tests.test_eoi_nda_flow" name="test_patch_invite_empty_body_400" time="0.051" /><testcase classname="backend.tests.test_eoi_nda_flow" name="test_decline_at_eoi" time="0.317" /><testcase classname="backend.tests.test_eoi_nda_flow" name="test_decline_at_details" time="0.555" /><testcase classname="backend.tests.test_eoi_nda_flow" name="test_library_requirement_crud" time="0.190" /><testcase classname="backend.tests.test_eoi_nda_flow" name="test_library_invalid_type_400" time="0.049" /><testcase classname="backend.tests.test_eoi_nda_flow" name="test_cleanup" time="0.089" /></testsuite></testsuites>