<?xml version="1.0" encoding="utf-8"?><testsuites name="pytest tests"><testsuite name="pytest" errors="0" failures="0" skipped="0" tests="29" time="5.562" timestamp="2026-05-11T09:08:29.141043+00:00" hostname="agent-env-d2a03b4b-dfa4-4880-bb93-1ae3b894a818"><testcase classname="backend.tests.test_eoi_nda_flow" name="test_signup_owner" time="0.382" /><testcase classname="backend.tests.test_eoi_nda_flow" name="test_create_project" time="0.050" /><testcase classname="backend.tests.test_eoi_nda_flow" name="test_create_invite" time="0.048" /><testcase classname="backend.tests.test_eoi_nda_flow" name="test_eoi_get_marks_viewed" time="0.132" /><testcase classname="backend.tests.test_eoi_nda_flow" name="test_details_blocked_before_nda" time="0.135" /><testcase classname="backend.tests.test_eoi_nda_flow" name="test_respond_blocked_before_nda" time="0.115" /><testcase classname="backend.tests.test_eoi_nda_flow" name="test_pdf_404_before_signed" time="0.120" /><testcase classname="backend.tests.test_eoi_nda_flow" name="test_express_interest" time="0.298" /><testcase classname="backend.tests.test_eoi_nda_flow" name="test_get_nda_returns_default_template" time="0.124" /><testcase classname="backend.tests.test_eoi_nda_flow" name="test_sign_nda_requires_agree" time="0.142" /><testcase classname="backend.tests.test_eoi_nda_flow" name="test_sign_nda_success" time="0.102" /><testcase classname="backend.tests.test_eoi_nda_flow" name="test_nda_pdf_after_signed" time="0.109" /><testcase classname="backend.tests.test_eoi_nda_flow" name="test_get_nda_already_signed_flag" time="0.180" /><testcase classname="backend.tests.test_eoi_nda_flow" name="test_details_accessible_after_nda" time="0.124" /><testcase classname="backend.tests.test_eoi_nda_flow" name="test_respond_submitted" time="0.161" /><testcase classname="backend.tests.test_eoi_nda_flow" name="test_builtin_nda_endpoint" time="0.066" /><testcase classname="backend.tests.test_eoi_nda_flow" name="test_builtin_requires_auth" time="0.103" /><testcase classname="backend.tests.test_eoi_nda_flow" name="test_create_nda_template_default" time="0.070" /><testcase classname="backend.tests.test_eoi_nda_flow" name="test_list_nda_templates" time="0.044" /><testcase classname="backend.tests.test_eoi_nda_flow" name="test_custom_default_used_in_public_nda" time="0.385" /><testcase classname="backend.tests.test_eoi_nda_flow" name="test_update_nda_template" time="0.068" /><testcase classname="backend.tests.test_eoi_nda_flow" name="test_skip_nda_patch" time="0.590" /><testcase classname="backend.tests.test_eoi_nda_flow" name="test_anonymise_patch" time="0.470" /><testcase classname="backend.tests.test_eoi_nda_flow" name="test_patch_invite_empty_body_400" time="0.044" /><testcase classname="backend.tests.test_eoi_nda_flow" name="test_decline_at_eoi" time="0.380" /><testcase classname="backend.tests.test_eoi_nda_flow" name="test_decline_at_details" time="0.714" /><testcase classname="backend.tests.test_eoi_nda_flow" name="test_library_requirement_crud" time="0.160" /><testcase classname="backend.tests.test_eoi_nda_flow" name="test_library_invalid_type_400" time="0.066" /><testcase classname="backend.tests.test_eoi_nda_flow" name="test_cleanup" time="0.110" /></testsuite></testsuites>