<?xml version="1.0" encoding="utf-8"?><testsuites name="pytest tests"><testsuite name="pytest" errors="0" failures="0" skipped="0" tests="13" time="1.425" timestamp="2026-05-20T08:30:31.048137+00:00" hostname="agent-env-d2a03b4b-dfa4-4880-bb93-1ae3b894a818"><testcase classname="backend.tests.test_export_fee_methods.TestComputeFeeMethods" name="test_empty_project_returns_empty" time="0.000" /><testcase classname="backend.tests.test_export_fee_methods.TestComputeFeeMethods" name="test_method_d_adjusted" time="0.000" /><testcase classname="backend.tests.test_export_fee_methods.TestComputeFeeMethods" name="test_method_c_sliding_default_slabs" time="0.000" /><testcase classname="backend.tests.test_export_fee_methods.TestComputeFeeMethods" name="test_final_fee_equals_selected_method" time="0.000" /><testcase classname="backend.tests.test_export_fee_methods.TestComputeFeeMethods" name="test_final_fee_override_wins" time="0.000" /><testcase classname="backend.tests.test_export_fee_methods.TestComputeFeeMethods" name="test_phase_distribution_active_stages_preset" time="0.000" /><testcase classname="backend.tests.test_export_fee_methods.TestComputeFeeMethods" name="test_phase_distribution_custom_override" time="0.000" /><testcase classname="backend.tests.test_export_fee_methods.TestExportBackCompat" name="test_pdf_export_without_fee_builder" time="0.474" /><testcase classname="backend.tests.test_export_fee_methods.TestExportBackCompat" name="test_xlsx_export_without_fee_builder" time="0.068" /><testcase classname="backend.tests.test_export_fee_methods.TestExportWithFeeBuilder" name="test_pdf_export_with_fee_builder" time="0.160" /><testcase classname="backend.tests.test_export_fee_methods.TestExportWithFeeBuilder" name="test_xlsx_export_fee_methods_sheet_values" time="0.076" /><testcase classname="backend.tests.test_export_fee_methods.TestExportWithFeeBuilder" name="test_xlsx_export_custom_phase_distribution" time="0.120" /><testcase classname="backend.tests.test_export_fee_methods.TestExportWithFeeBuilder" name="test_xlsx_export_override_final_fee" time="0.230" /></testsuite></testsuites>