<?xml version="1.0" encoding="utf-8"?><testsuites name="pytest tests"><testsuite name="pytest" errors="0" failures="0" skipped="0" tests="11" time="1.141" timestamp="2026-05-11T09:08:13.059181+00:00" hostname="agent-env-d2a03b4b-dfa4-4880-bb93-1ae3b894a818"><testcase classname="backend.tests.test_fee_methods_settings" name="test_get_settings_initial_returns_no_fee_fields" time="0.423" /><testcase classname="backend.tests.test_fee_methods_settings" name="test_put_all_fee_fields_round_trip" time="0.045" /><testcase classname="backend.tests.test_fee_methods_settings" name="test_get_after_put_returns_persisted_fee_fields" time="0.044" /><testcase classname="backend.tests.test_fee_methods_settings" name="test_put_smtp_and_llm_round_trip" time="0.047" /><testcase classname="backend.tests.test_fee_methods_settings" name="test_partial_put_fee_only_preserves_smtp_llm" time="0.043" /><testcase classname="backend.tests.test_fee_methods_settings" name="test_partial_put_smtp_only_preserves_fee_fields" time="0.046" /><testcase classname="backend.tests.test_fee_methods_settings" name="test_get_settings_requires_auth" time="0.108" /><testcase classname="backend.tests.test_fee_methods_settings" name="test_put_settings_requires_auth" time="0.181" /><testcase classname="backend.tests.test_fee_methods_settings" name="test_put_invalid_overhead_type_rejected" time="0.044" /><testcase classname="backend.tests.test_fee_methods_settings" name="test_put_invalid_lock_budget_type_rejected" time="0.052" /><testcase classname="backend.tests.test_fee_methods_settings" name="test_put_none_fee_fields_preserves_existing" time="0.044" /></testsuite></testsuites>