<?xml version="1.0" encoding="utf-8"?><testsuites name="pytest tests"><testsuite name="pytest" errors="0" failures="0" skipped="0" tests="21" time="21.763" timestamp="2026-04-29T07:20:25.878321+00:00" hostname="agent-env-d2a03b4b-dfa4-4880-bb93-1ae3b894a818"><testcase classname="backend.tests.test_rfp_backend" name="test_signup_first_user_admin" time="0.377" /><testcase classname="backend.tests.test_rfp_backend" name="test_signup_second_user_member" time="0.268" /><testcase classname="backend.tests.test_rfp_backend" name="test_signup_duplicate_rejected" time="0.044" /><testcase classname="backend.tests.test_rfp_backend" name="test_login_success" time="0.268" /><testcase classname="backend.tests.test_rfp_backend" name="test_login_invalid" time="0.266" /><testcase classname="backend.tests.test_rfp_backend" name="test_me_requires_token" time="0.042" /><testcase classname="backend.tests.test_rfp_backend" name="test_me_returns_user" time="0.045" /><testcase classname="backend.tests.test_rfp_backend" name="test_create_project" time="0.054" /><testcase classname="backend.tests.test_rfp_backend" name="test_list_projects_owner_only" time="0.087" /><testcase classname="backend.tests.test_rfp_backend" name="test_get_project_404_for_non_owner" time="0.044" /><testcase classname="backend.tests.test_rfp_backend" name="test_upload_document" time="2.751" /><testcase classname="backend.tests.test_rfp_backend" name="test_list_documents" time="0.040" /><testcase classname="backend.tests.test_rfp_backend" name="test_analyze_project" time="14.298" /><testcase classname="backend.tests.test_rfp_backend" name="test_create_invite" time="0.058" /><testcase classname="backend.tests.test_rfp_backend" name="test_public_get_invite_no_auth" time="0.226" /><testcase classname="backend.tests.test_rfp_backend" name="test_public_respond_no_auth" time="0.151" /><testcase classname="backend.tests.test_rfp_backend" name="test_fee_summary" time="0.046" /><testcase classname="backend.tests.test_rfp_backend" name="test_chat_with_rfp" time="2.406" /><testcase classname="backend.tests.test_rfp_backend" name="test_delete_invite" time="0.043" /><testcase classname="backend.tests.test_rfp_backend" name="test_delete_document" time="0.058" /><testcase classname="backend.tests.test_rfp_backend" name="test_delete_project" time="0.098" /></testsuite></testsuites>